key_sum: 7818979278	row_id_sum: 10863982642
total_time: 0.45288855	mgmt_time: 0.00582860	build_time: 0.22408845	probe_time: 0.22041908
key_sum: 7818979278	row_id_sum: 10863982642
total_time: 0.44447215	mgmt_time: 0.00607983	build_time: 0.21954888	probe_time: 0.21656442
key_sum: 7818979278	row_id_sum: 10863982642
total_time: 0.44408459	mgmt_time: 0.00573001	build_time: 0.22048227	probe_time: 0.21568139
key_sum: 7818979278	row_id_sum: 10863982642
total_time: 0.44367630	mgmt_time: 0.00629860	build_time: 0.21939879	probe_time: 0.21578806
key_sum: 7818979278	row_id_sum: 10863982642
total_time: 0.44378463	mgmt_time: 0.00586966	build_time: 0.21954472	probe_time: 0.21626626
key_sum: 7818979278	row_id_sum: 10863982642
total_time: 0.44561602	mgmt_time: 0.00605258	build_time: 0.22188613	probe_time: 0.21552117
key_sum: 7818979278	row_id_sum: 10863982642
total_time: 0.44464665	mgmt_time: 0.00617902	build_time: 0.22027555	probe_time: 0.21597334
key_sum: 7818979278	row_id_sum: 10863982642
total_time: 0.44376274	mgmt_time: 0.00607478	build_time: 0.22021994	probe_time: 0.21546237
key_sum: 7818979278	row_id_sum: 10863982642
total_time: 0.44346414	mgmt_time: 0.00598124	build_time: 0.21948152	probe_time: 0.21582854
key_sum: 7818979278	row_id_sum: 10863982642
total_time: 0.44302906	mgmt_time: 0.00589004	build_time: 0.21904367	probe_time: 0.21589563
key_sum: 7818979278	row_id_sum: 10863982642
total_time: 0.44691957	mgmt_time: 0.00594205	build_time: 0.22201130	probe_time: 0.21676277
