key_sum: 7818979278	row_id_sum: 10863982642
total_time: 0.59061602	mgmt_time: 0.14749210	build_time: 0.22398011	probe_time: 0.21697071
key_sum: 7818979278	row_id_sum: 10863982642
total_time: 0.58349587	mgmt_time: 0.14549870	build_time: 0.22049944	probe_time: 0.21531586
key_sum: 7818979278	row_id_sum: 10863982642
total_time: 0.58345678	mgmt_time: 0.14498857	build_time: 0.22029704	probe_time: 0.21605064
key_sum: 7818979278	row_id_sum: 10863982642
total_time: 0.58473237	mgmt_time: 0.14560088	build_time: 0.22028157	probe_time: 0.21667102
key_sum: 7818979278	row_id_sum: 10863982642
total_time: 0.58680275	mgmt_time: 0.14616971	build_time: 0.22227866	probe_time: 0.21619152
key_sum: 7818979278	row_id_sum: 10863982642
total_time: 0.58372256	mgmt_time: 0.14587292	build_time: 0.21969510	probe_time: 0.21599019
key_sum: 7818979278	row_id_sum: 10863982642
total_time: 0.58385080	mgmt_time: 0.14589958	build_time: 0.21995595	probe_time: 0.21581029
key_sum: 7818979278	row_id_sum: 10863982642
total_time: 0.58358912	mgmt_time: 0.14515911	build_time: 0.22014940	probe_time: 0.21608532
key_sum: 7818979278	row_id_sum: 10863982642
total_time: 0.58483074	mgmt_time: 0.14667811	build_time: 0.22011899	probe_time: 0.21584311
key_sum: 7818979278	row_id_sum: 10863982642
total_time: 0.58419629	mgmt_time: 0.14616487	build_time: 0.21988791	probe_time: 0.21593185
key_sum: 7818979278	row_id_sum: 10863982642
total_time: 0.58086334	mgmt_time: 0.14444998	build_time: 0.21914986	probe_time: 0.21509905
