key_sum: 7818979278	row_id_sum: 10863982642
total_time: 3.34257902	mgmt_time: 2.75268799	build_time: 0.29935281	probe_time: 0.28711005
key_sum: 7818979278	row_id_sum: 10863982642
total_time: 3.29709687	mgmt_time: 2.72123035	build_time: 0.29206733	probe_time: 0.28003027
key_sum: 7818979278	row_id_sum: 10863982642
total_time: 3.31149742	mgmt_time: 2.73117741	build_time: 0.29519218	probe_time: 0.28167100
key_sum: 7818979278	row_id_sum: 10863982642
total_time: 3.29725477	mgmt_time: 2.72182479	build_time: 0.29225332	probe_time: 0.27967627
key_sum: 7818979278	row_id_sum: 10863982642
total_time: 3.28896461	mgmt_time: 2.71026649	build_time: 0.29196287	probe_time: 0.28326622
key_sum: 7818979278	row_id_sum: 10863982642
total_time: 3.29981062	mgmt_time: 2.72415037	build_time: 0.29229633	probe_time: 0.27993913
key_sum: 7818979278	row_id_sum: 10863982642
total_time: 3.30426073	mgmt_time: 2.72141695	build_time: 0.29698146	probe_time: 0.28250948
key_sum: 7818979278	row_id_sum: 10863982642
total_time: 3.32522237	mgmt_time: 2.74927744	build_time: 0.29268475	probe_time: 0.27968379
key_sum: 7818979278	row_id_sum: 10863982642
total_time: 3.32296115	mgmt_time: 2.74689196	build_time: 0.29217740	probe_time: 0.28029772
key_sum: 7818979278	row_id_sum: 10863982642
total_time: 3.31851251	mgmt_time: 2.74249416	build_time: 0.29263331	probe_time: 0.27992964
key_sum: 7818979278	row_id_sum: 10863982642
total_time: 3.30452169	mgmt_time: 2.72894844	build_time: 0.29206844	probe_time: 0.27993107
