key_sum: 7818979278	row_id_sum: 10863982642
total_time: 0.44911758	mgmt_time: 0.00738047	build_time: 0.22239318	probe_time: 0.21714820
key_sum: 7818979278	row_id_sum: 10863982642
total_time: 0.44514777	mgmt_time: 0.00722530	build_time: 0.21933549	probe_time: 0.21640684
key_sum: 7818979278	row_id_sum: 10863982642
total_time: 0.44509678	mgmt_time: 0.00807768	build_time: 0.21911014	probe_time: 0.21587491
key_sum: 7818979278	row_id_sum: 10863982642
total_time: 0.44534646	mgmt_time: 0.00780989	build_time: 0.21960088	probe_time: 0.21581125
key_sum: 7818979278	row_id_sum: 10863982642
total_time: 0.44493900	mgmt_time: 0.00767769	build_time: 0.21926191	probe_time: 0.21590813
key_sum: 7818979278	row_id_sum: 10863982642
total_time: 0.44796262	mgmt_time: 0.00764533	build_time: 0.22206171	probe_time: 0.21616877
key_sum: 7818979278	row_id_sum: 10863982642
total_time: 0.44860704	mgmt_time: 0.00740387	build_time: 0.22340504	probe_time: 0.21569576
key_sum: 7818979278	row_id_sum: 10863982642
total_time: 0.44473969	mgmt_time: 0.00789150	build_time: 0.21916730	probe_time: 0.21570619
key_sum: 7818979278	row_id_sum: 10863982642
total_time: 0.44719352	mgmt_time: 0.00802815	build_time: 0.22120077	probe_time: 0.21566938
key_sum: 7818979278	row_id_sum: 10863982642
total_time: 0.44667984	mgmt_time: 0.00780360	build_time: 0.22053212	probe_time: 0.21615414
key_sum: 7818979278	row_id_sum: 10863982642
total_time: 0.44442238	mgmt_time: 0.00729520	build_time: 0.21904893	probe_time: 0.21593344
