CONFIGURATION:	WARMUP	USE_HYPERTHREADING	TUPLE_T_SIZE: 16	THREAD_NUM: 20	BUILDPART_THREAD_NUM: 20	BUILDPART_WRITE_THREAD_NUM: 11	INTERMEDIATEMEMSET_THREAD_NUM: 7	PROBEJOIN_THREAD_NUM: 20	RETRIEVE_THREAD_NUM: 19	XSOCKET_THREAD_NUM_DEFAULT: 4	PREFETCH_DISTANCE: 32	BUCKET_CAPACITY: 2	OVERFLOW_BUF_SIZE: 1024	NUM_RADIX_BITS: 16	NUM_RADIX_BITS_PASS1: 8	NUM_PASSES: 2	SWWCB_SIZE: 256	INTERMEDIATE_SCALING_FACTOR: 2	PHJ_SC_BUCKET_CAPACITY: 2	PART_BUFFER_T_CAPACITY: 128
[0;35mmatched_cnt: 268435456	check_sum: 4503599895805952
[0;36mmemory_type: nvm	algo: phj_asymm_radix_hro	workload: uniform_pkfk_A	buildpart_time: 2.466266933	probejoin_time: 18.954371460	total_time: 21.420638393
[0;35mmatched_cnt: 268435456	check_sum: 4503599895805952
[0;36mmemory_type: nvm	algo: phj_asymm_radix_hro	workload: uniform_pkfk_A	buildpart_time: 2.471076645	probejoin_time: 18.715402681	total_time: 21.186479326
[0;35mmatched_cnt: 268435456	check_sum: 4503599895805952
[0;36mmemory_type: nvm	algo: phj_asymm_radix_hro	workload: uniform_pkfk_A	buildpart_time: 2.436406448	probejoin_time: 18.439998197	total_time: 20.876404645
[0;35mmatched_cnt: 268435456	check_sum: 4503599895805952
[0;36mmemory_type: nvm	algo: phj_asymm_radix_hro	workload: uniform_pkfk_A	buildpart_time: 2.420898126	probejoin_time: 18.541425322	total_time: 20.962323448
[0;35mmatched_cnt: 268435456	check_sum: 4503599895805952
[0;36mmemory_type: nvm	algo: phj_asymm_radix_hro	workload: uniform_pkfk_A	buildpart_time: 2.418156850	probejoin_time: 18.601085341	total_time: 21.019242191
[0;35mmatched_cnt: 268435456	check_sum: 4503599895805952
[0;36mmemory_type: nvm	algo: phj_asymm_radix_hro	workload: uniform_pkfk_A	buildpart_time: 2.400461843	probejoin_time: 18.474523335	total_time: 20.874985178
[0;32m
num_trials: 5	memory_type: nvm	algo: phj_asymm_radix_hro	workload: uniform_pkfk_A	buildpart_time: 2.429399982	probejoin_time: 18.554486975	total_time: 20.983886958

[0m



CONFIGURATION:	WARMUP	USE_HYPERTHREADING	TUPLE_T_SIZE: 16	THREAD_NUM: 20	BUILDPART_THREAD_NUM: 20	BUILDPART_WRITE_THREAD_NUM: 11	INTERMEDIATEMEMSET_THREAD_NUM: 7	PROBEJOIN_THREAD_NUM: 20	RETRIEVE_THREAD_NUM: 19	XSOCKET_THREAD_NUM_DEFAULT: 4	PREFETCH_DISTANCE: 32	BUCKET_CAPACITY: 2	OVERFLOW_BUF_SIZE: 1024	NUM_RADIX_BITS: 16	NUM_RADIX_BITS_PASS1: 8	NUM_PASSES: 2	SWWCB_SIZE: 64	USE_SWWCB_OPTIMIZED_PART	USE_SWWCB_OPTIMIZED_PART_ON_NVM	USE_SWWCB_OPTIMIZED_RADIX_CLUSTER	USE_SWWCB_OPTIMIZED_RADIX_CLUSTER_ON_NVM	INTERMEDIATE_SCALING_FACTOR: 2	PHJ_SC_BUCKET_CAPACITY: 2	PART_BUFFER_T_CAPACITY: 128
[0;35mmatched_cnt: 268435456	check_sum: 4503599895805952
[0;36mmemory_type: nvm	algo: phj_asymm_radix_hro	workload: uniform_pkfk_A	buildpart_time: 2.004000007	probejoin_time: 18.760444587	total_time: 20.764444594
[0;35mmatched_cnt: 268435456	check_sum: 4503599895805952
[0;36mmemory_type: nvm	algo: phj_asymm_radix_hro	workload: uniform_pkfk_A	buildpart_time: 2.008801945	probejoin_time: 18.793771006	total_time: 20.802572951
[0;35mmatched_cnt: 268435456	check_sum: 4503599895805952
[0;36mmemory_type: nvm	algo: phj_asymm_radix_hro	workload: uniform_pkfk_A	buildpart_time: 2.010469640	probejoin_time: 18.299357217	total_time: 20.309826857
[0;35mmatched_cnt: 268435456	check_sum: 4503599895805952
[0;36mmemory_type: nvm	algo: phj_asymm_radix_hro	workload: uniform_pkfk_A	buildpart_time: 2.002097290	probejoin_time: 18.393645443	total_time: 20.395742733
[0;35mmatched_cnt: 268435456	check_sum: 4503599895805952
[0;36mmemory_type: nvm	algo: phj_asymm_radix_hro	workload: uniform_pkfk_A	buildpart_time: 2.004642056	probejoin_time: 18.190407993	total_time: 20.195050049
[0;35mmatched_cnt: 268435456	check_sum: 4503599895805952
[0;36mmemory_type: nvm	algo: phj_asymm_radix_hro	workload: uniform_pkfk_A	buildpart_time: 1.996185080	probejoin_time: 19.141690844	total_time: 21.137875924
[0;32m
num_trials: 5	memory_type: nvm	algo: phj_asymm_radix_hro	workload: uniform_pkfk_A	buildpart_time: 2.004439202	probejoin_time: 18.563774501	total_time: 20.568213703

[0m



CONFIGURATION:	WARMUP	USE_HYPERTHREADING	TUPLE_T_SIZE: 16	THREAD_NUM: 20	BUILDPART_THREAD_NUM: 20	BUILDPART_WRITE_THREAD_NUM: 11	INTERMEDIATEMEMSET_THREAD_NUM: 7	PROBEJOIN_THREAD_NUM: 20	RETRIEVE_THREAD_NUM: 19	XSOCKET_THREAD_NUM_DEFAULT: 4	PREFETCH_DISTANCE: 32	BUCKET_CAPACITY: 2	OVERFLOW_BUF_SIZE: 1024	NUM_RADIX_BITS: 16	NUM_RADIX_BITS_PASS1: 8	NUM_PASSES: 2	SWWCB_SIZE: 128	USE_SWWCB_OPTIMIZED_PART	USE_SWWCB_OPTIMIZED_PART_ON_NVM	USE_SWWCB_OPTIMIZED_RADIX_CLUSTER	USE_SWWCB_OPTIMIZED_RADIX_CLUSTER_ON_NVM	INTERMEDIATE_SCALING_FACTOR: 2	PHJ_SC_BUCKET_CAPACITY: 2	PART_BUFFER_T_CAPACITY: 128
[0;35mmatched_cnt: 268435456	check_sum: 4503599895805952
[0;36mmemory_type: nvm	algo: phj_asymm_radix_hro	workload: uniform_pkfk_A	buildpart_time: 1.315900833	probejoin_time: 19.744561834	total_time: 21.060462667
[0;35mmatched_cnt: 268435456	check_sum: 4503599895805952
[0;36mmemory_type: nvm	algo: phj_asymm_radix_hro	workload: uniform_pkfk_A	buildpart_time: 1.321343687	probejoin_time: 19.452269406	total_time: 20.773613093
[0;35mmatched_cnt: 268435456	check_sum: 4503599895805952
[0;36mmemory_type: nvm	algo: phj_asymm_radix_hro	workload: uniform_pkfk_A	buildpart_time: 1.312722960	probejoin_time: 18.613906965	total_time: 19.926629925
[0;35mmatched_cnt: 268435456	check_sum: 4503599895805952
[0;36mmemory_type: nvm	algo: phj_asymm_radix_hro	workload: uniform_pkfk_A	buildpart_time: 1.328088121	probejoin_time: 20.167780356	total_time: 21.495868477
[0;35mmatched_cnt: 268435456	check_sum: 4503599895805952
[0;36mmemory_type: nvm	algo: phj_asymm_radix_hro	workload: uniform_pkfk_A	buildpart_time: 1.316740046	probejoin_time: 19.142908807	total_time: 20.459648853
[0;35mmatched_cnt: 268435456	check_sum: 4503599895805952
[0;36mmemory_type: nvm	algo: phj_asymm_radix_hro	workload: uniform_pkfk_A	buildpart_time: 1.321234745	probejoin_time: 19.270337181	total_time: 20.591571926
[0;32m
num_trials: 5	memory_type: nvm	algo: phj_asymm_radix_hro	workload: uniform_pkfk_A	buildpart_time: 1.320025912	probejoin_time: 19.329440543	total_time: 20.649466455

[0m



CONFIGURATION:	WARMUP	USE_HYPERTHREADING	TUPLE_T_SIZE: 16	THREAD_NUM: 20	BUILDPART_THREAD_NUM: 20	BUILDPART_WRITE_THREAD_NUM: 11	INTERMEDIATEMEMSET_THREAD_NUM: 7	PROBEJOIN_THREAD_NUM: 20	RETRIEVE_THREAD_NUM: 19	XSOCKET_THREAD_NUM_DEFAULT: 4	PREFETCH_DISTANCE: 32	BUCKET_CAPACITY: 2	OVERFLOW_BUF_SIZE: 1024	NUM_RADIX_BITS: 16	NUM_RADIX_BITS_PASS1: 8	NUM_PASSES: 2	SWWCB_SIZE: 256	USE_SWWCB_OPTIMIZED_PART	USE_SWWCB_OPTIMIZED_PART_ON_NVM	USE_SWWCB_OPTIMIZED_RADIX_CLUSTER	USE_SWWCB_OPTIMIZED_RADIX_CLUSTER_ON_NVM	INTERMEDIATE_SCALING_FACTOR: 2	PHJ_SC_BUCKET_CAPACITY: 2	PART_BUFFER_T_CAPACITY: 128
[0;35mmatched_cnt: 268435456	check_sum: 4503599895805952
[0;36mmemory_type: nvm	algo: phj_asymm_radix_hro	workload: uniform_pkfk_A	buildpart_time: 0.783562172	probejoin_time: 20.621087381	total_time: 21.404649553
[0;35mmatched_cnt: 268435456	check_sum: 4503599895805952
[0;36mmemory_type: nvm	algo: phj_asymm_radix_hro	workload: uniform_pkfk_A	buildpart_time: 0.783160316	probejoin_time: 21.530212659	total_time: 22.313372975
[0;35mmatched_cnt: 268435456	check_sum: 4503599895805952
[0;36mmemory_type: nvm	algo: phj_asymm_radix_hro	workload: uniform_pkfk_A	buildpart_time: 0.792725177	probejoin_time: 19.788379109	total_time: 20.581104286
[0;35mmatched_cnt: 268435456	check_sum: 4503599895805952
[0;36mmemory_type: nvm	algo: phj_asymm_radix_hro	workload: uniform_pkfk_A	buildpart_time: 0.792034054	probejoin_time: 19.566457663	total_time: 20.358491717
[0;35mmatched_cnt: 268435456	check_sum: 4503599895805952
[0;36mmemory_type: nvm	algo: phj_asymm_radix_hro	workload: uniform_pkfk_A	buildpart_time: 0.808644177	probejoin_time: 20.598346983	total_time: 21.406991160
[0;35mmatched_cnt: 268435456	check_sum: 4503599895805952
[0;36mmemory_type: nvm	algo: phj_asymm_radix_hro	workload: uniform_pkfk_A	buildpart_time: 0.803683962	probejoin_time: 19.613170438	total_time: 20.416854400
[0;32m
num_trials: 5	memory_type: nvm	algo: phj_asymm_radix_hro	workload: uniform_pkfk_A	buildpart_time: 0.796049537	probejoin_time: 20.219313370	total_time: 21.015362908

[0m



CONFIGURATION:	WARMUP	USE_HYPERTHREADING	TUPLE_T_SIZE: 16	THREAD_NUM: 20	BUILDPART_THREAD_NUM: 20	BUILDPART_WRITE_THREAD_NUM: 11	INTERMEDIATEMEMSET_THREAD_NUM: 7	PROBEJOIN_THREAD_NUM: 20	RETRIEVE_THREAD_NUM: 19	XSOCKET_THREAD_NUM_DEFAULT: 4	PREFETCH_DISTANCE: 32	BUCKET_CAPACITY: 2	OVERFLOW_BUF_SIZE: 1024	NUM_RADIX_BITS: 16	NUM_RADIX_BITS_PASS1: 8	NUM_PASSES: 2	SWWCB_SIZE: 512	USE_SWWCB_OPTIMIZED_PART	USE_SWWCB_OPTIMIZED_PART_ON_NVM	USE_SWWCB_OPTIMIZED_RADIX_CLUSTER	USE_SWWCB_OPTIMIZED_RADIX_CLUSTER_ON_NVM	INTERMEDIATE_SCALING_FACTOR: 2	PHJ_SC_BUCKET_CAPACITY: 2	PART_BUFFER_T_CAPACITY: 128
[0;35mmatched_cnt: 268435456	check_sum: 4503599895805952
[0;36mmemory_type: nvm	algo: phj_asymm_radix_hro	workload: uniform_pkfk_A	buildpart_time: 0.830533364	probejoin_time: 20.342801409	total_time: 21.173334773
[0;35mmatched_cnt: 268435456	check_sum: 4503599895805952
[0;36mmemory_type: nvm	algo: phj_asymm_radix_hro	workload: uniform_pkfk_A	buildpart_time: 0.845495811	probejoin_time: 19.128485170	total_time: 19.973980981
[0;35mmatched_cnt: 268435456	check_sum: 4503599895805952
[0;36mmemory_type: nvm	algo: phj_asymm_radix_hro	workload: uniform_pkfk_A	buildpart_time: 0.836019856	probejoin_time: 20.175810949	total_time: 21.011830805
[0;35mmatched_cnt: 268435456	check_sum: 4503599895805952
[0;36mmemory_type: nvm	algo: phj_asymm_radix_hro	workload: uniform_pkfk_A	buildpart_time: 0.827565494	probejoin_time: 19.627426672	total_time: 20.454992166
[0;35mmatched_cnt: 268435456	check_sum: 4503599895805952
[0;36mmemory_type: nvm	algo: phj_asymm_radix_hro	workload: uniform_pkfk_A	buildpart_time: 0.837486547	probejoin_time: 20.061924248	total_time: 20.899410795
[0;35mmatched_cnt: 268435456	check_sum: 4503599895805952
[0;36mmemory_type: nvm	algo: phj_asymm_radix_hro	workload: uniform_pkfk_A	buildpart_time: 0.813657039	probejoin_time: 19.722568427	total_time: 20.536225466
[0;32m
num_trials: 5	memory_type: nvm	algo: phj_asymm_radix_hro	workload: uniform_pkfk_A	buildpart_time: 0.832044949	probejoin_time: 19.743243093	total_time: 20.575288043

[0m



CONFIGURATION:	WARMUP	USE_HYPERTHREADING	TUPLE_T_SIZE: 16	THREAD_NUM: 20	BUILDPART_THREAD_NUM: 20	BUILDPART_WRITE_THREAD_NUM: 11	INTERMEDIATEMEMSET_THREAD_NUM: 7	PROBEJOIN_THREAD_NUM: 20	RETRIEVE_THREAD_NUM: 19	XSOCKET_THREAD_NUM_DEFAULT: 4	PREFETCH_DISTANCE: 32	BUCKET_CAPACITY: 2	OVERFLOW_BUF_SIZE: 1024	NUM_RADIX_BITS: 16	NUM_RADIX_BITS_PASS1: 8	NUM_PASSES: 2	SWWCB_SIZE: 1024	USE_SWWCB_OPTIMIZED_PART	USE_SWWCB_OPTIMIZED_PART_ON_NVM	USE_SWWCB_OPTIMIZED_RADIX_CLUSTER	USE_SWWCB_OPTIMIZED_RADIX_CLUSTER_ON_NVM	INTERMEDIATE_SCALING_FACTOR: 2	PHJ_SC_BUCKET_CAPACITY: 2	PART_BUFFER_T_CAPACITY: 128
[0;35mmatched_cnt: 268435456	check_sum: 4503599895805952
[0;36mmemory_type: nvm	algo: phj_asymm_radix_hro	workload: uniform_pkfk_A	buildpart_time: 0.864312051	probejoin_time: 20.979444784	total_time: 21.843756835
[0;35mmatched_cnt: 268435456	check_sum: 4503599895805952
[0;36mmemory_type: nvm	algo: phj_asymm_radix_hro	workload: uniform_pkfk_A	buildpart_time: 0.872749170	probejoin_time: 19.716116361	total_time: 20.588865531
[0;35mmatched_cnt: 268435456	check_sum: 4503599895805952
[0;36mmemory_type: nvm	algo: phj_asymm_radix_hro	workload: uniform_pkfk_A	buildpart_time: 0.862070248	probejoin_time: 18.758351475	total_time: 19.620421723
[0;35mmatched_cnt: 268435456	check_sum: 4503599895805952
[0;36mmemory_type: nvm	algo: phj_asymm_radix_hro	workload: uniform_pkfk_A	buildpart_time: 0.871532602	probejoin_time: 19.334463186	total_time: 20.205995788
[0;35mmatched_cnt: 268435456	check_sum: 4503599895805952
[0;36mmemory_type: nvm	algo: phj_asymm_radix_hro	workload: uniform_pkfk_A	buildpart_time: 0.872306800	probejoin_time: 19.445734485	total_time: 20.318041285
[0;35mmatched_cnt: 268435456	check_sum: 4503599895805952
[0;36mmemory_type: nvm	algo: phj_asymm_radix_hro	workload: uniform_pkfk_A	buildpart_time: 0.862956570	probejoin_time: 19.056543228	total_time: 19.919499798
[0;32m
num_trials: 5	memory_type: nvm	algo: phj_asymm_radix_hro	workload: uniform_pkfk_A	buildpart_time: 0.868323078	probejoin_time: 19.262241747	total_time: 20.130564825

[0m



CONFIGURATION:	WARMUP	USE_HYPERTHREADING	TUPLE_T_SIZE: 16	THREAD_NUM: 20	BUILDPART_THREAD_NUM: 20	BUILDPART_WRITE_THREAD_NUM: 11	INTERMEDIATEMEMSET_THREAD_NUM: 7	PROBEJOIN_THREAD_NUM: 20	RETRIEVE_THREAD_NUM: 19	XSOCKET_THREAD_NUM_DEFAULT: 4	PREFETCH_DISTANCE: 32	BUCKET_CAPACITY: 2	OVERFLOW_BUF_SIZE: 1024	NUM_RADIX_BITS: 16	NUM_RADIX_BITS_PASS1: 8	NUM_PASSES: 2	SWWCB_SIZE: 2048	USE_SWWCB_OPTIMIZED_PART	USE_SWWCB_OPTIMIZED_PART_ON_NVM	USE_SWWCB_OPTIMIZED_RADIX_CLUSTER	USE_SWWCB_OPTIMIZED_RADIX_CLUSTER_ON_NVM	INTERMEDIATE_SCALING_FACTOR: 2	PHJ_SC_BUCKET_CAPACITY: 2	PART_BUFFER_T_CAPACITY: 128
[0;35mmatched_cnt: 268435456	check_sum: 4503599895805952
[0;36mmemory_type: nvm	algo: phj_asymm_radix_hro	workload: uniform_pkfk_A	buildpart_time: 0.954549210	probejoin_time: 18.869949699	total_time: 19.824498909
[0;35mmatched_cnt: 268435456	check_sum: 4503599895805952
[0;36mmemory_type: nvm	algo: phj_asymm_radix_hro	workload: uniform_pkfk_A	buildpart_time: 0.940806243	probejoin_time: 18.702384084	total_time: 19.643190327
[0;35mmatched_cnt: 268435456	check_sum: 4503599895805952
[0;36mmemory_type: nvm	algo: phj_asymm_radix_hro	workload: uniform_pkfk_A	buildpart_time: 0.947144250	probejoin_time: 19.173241315	total_time: 20.120385565
[0;35mmatched_cnt: 268435456	check_sum: 4503599895805952
[0;36mmemory_type: nvm	algo: phj_asymm_radix_hro	workload: uniform_pkfk_A	buildpart_time: 0.939108041	probejoin_time: 19.523931403	total_time: 20.463039444
[0;35mmatched_cnt: 268435456	check_sum: 4503599895805952
[0;36mmemory_type: nvm	algo: phj_asymm_radix_hro	workload: uniform_pkfk_A	buildpart_time: 0.967935079	probejoin_time: 18.543775423	total_time: 19.511710502
[0;35mmatched_cnt: 268435456	check_sum: 4503599895805952
[0;36mmemory_type: nvm	algo: phj_asymm_radix_hro	workload: uniform_pkfk_A	buildpart_time: 1.055143917	probejoin_time: 18.638528588	total_time: 19.693672505
[0;32m
num_trials: 5	memory_type: nvm	algo: phj_asymm_radix_hro	workload: uniform_pkfk_A	buildpart_time: 0.970027506	probejoin_time: 18.916372163	total_time: 19.886399669

[0m



