CONFIGURATION:	WARMUP	USE_HYPERTHREADING	TUPLE_T_SIZE: 16	THREAD_NUM: 20	BUILDPART_THREAD_NUM: 2	BUILDPART_WRITE_THREAD_NUM: 11	INTERMEDIATEMEMSET_THREAD_NUM: 7	PROBEJOIN_THREAD_NUM: 2	RETRIEVE_THREAD_NUM: 19	XSOCKET_THREAD_NUM_DEFAULT: 4	PREFETCH_DISTANCE: 32	BUCKET_CAPACITY: 2	OVERFLOW_BUF_SIZE: 1024	NUM_RADIX_BITS: 16	NUM_RADIX_BITS_PASS1: 11	NUM_PASSES: 2	SWWCB_SIZE: 256	USE_SWWCB_OPTIMIZED_PART	USE_SWWCB_OPTIMIZED_RADIX_CLUSTER	INTERMEDIATE_SCALING_FACTOR: 2	PHJ_SC_BUCKET_CAPACITY: 2	PART_BUFFER_T_CAPACITY: 128
[0;35mmatched_cnt: 268435456	check_sum: 4503599895805952
[0;36mmemory_type: nvm	algo: phj_ind_uni_hro	workload: uniform_pkfk_A	buildpart_time: 2.561936352	probejoin_time: 1.084428373	total_time: 3.646364725
[0;35mmatched_cnt: 268435456	check_sum: 4503599895805952
[0;36mmemory_type: nvm	algo: phj_ind_uni_hro	workload: uniform_pkfk_A	buildpart_time: 2.561198336	probejoin_time: 1.084767713	total_time: 3.645966049
[0;35mmatched_cnt: 268435456	check_sum: 4503599895805952
[0;36mmemory_type: nvm	algo: phj_ind_uni_hro	workload: uniform_pkfk_A	buildpart_time: 2.556687547	probejoin_time: 1.084061466	total_time: 3.640749013
[0;35mmatched_cnt: 268435456	check_sum: 4503599895805952
[0;36mmemory_type: nvm	algo: phj_ind_uni_hro	workload: uniform_pkfk_A	buildpart_time: 2.549231895	probejoin_time: 1.084539553	total_time: 3.633771448
[0;35mmatched_cnt: 268435456	check_sum: 4503599895805952
[0;36mmemory_type: nvm	algo: phj_ind_uni_hro	workload: uniform_pkfk_A	buildpart_time: 2.561720517	probejoin_time: 1.086633872	total_time: 3.648354389
[0;35mmatched_cnt: 268435456	check_sum: 4503599895805952
[0;36mmemory_type: nvm	algo: phj_ind_uni_hro	workload: uniform_pkfk_A	buildpart_time: 2.562483262	probejoin_time: 1.083579247	total_time: 3.646062509
[0;32m
num_trials: 5	memory_type: nvm	algo: phj_ind_uni_hro	workload: uniform_pkfk_A	buildpart_time: 2.558264311	probejoin_time: 1.084716370	total_time: 3.642980682

[0m



CONFIGURATION:	WARMUP	USE_HYPERTHREADING	TUPLE_T_SIZE: 16	THREAD_NUM: 20	BUILDPART_THREAD_NUM: 4	BUILDPART_WRITE_THREAD_NUM: 11	INTERMEDIATEMEMSET_THREAD_NUM: 7	PROBEJOIN_THREAD_NUM: 4	RETRIEVE_THREAD_NUM: 19	XSOCKET_THREAD_NUM_DEFAULT: 4	PREFETCH_DISTANCE: 32	BUCKET_CAPACITY: 2	OVERFLOW_BUF_SIZE: 1024	NUM_RADIX_BITS: 16	NUM_RADIX_BITS_PASS1: 11	NUM_PASSES: 2	SWWCB_SIZE: 256	USE_SWWCB_OPTIMIZED_PART	USE_SWWCB_OPTIMIZED_RADIX_CLUSTER	INTERMEDIATE_SCALING_FACTOR: 2	PHJ_SC_BUCKET_CAPACITY: 2	PART_BUFFER_T_CAPACITY: 128
[0;35mmatched_cnt: 268435456	check_sum: 4503599895805952
[0;36mmemory_type: nvm	algo: phj_ind_uni_hro	workload: uniform_pkfk_A	buildpart_time: 1.616568511	probejoin_time: 0.601931137	total_time: 2.218499648
[0;35mmatched_cnt: 268435456	check_sum: 4503599895805952
[0;36mmemory_type: nvm	algo: phj_ind_uni_hro	workload: uniform_pkfk_A	buildpart_time: 1.607407983	probejoin_time: 0.596330054	total_time: 2.203738037
[0;35mmatched_cnt: 268435456	check_sum: 4503599895805952
[0;36mmemory_type: nvm	algo: phj_ind_uni_hro	workload: uniform_pkfk_A	buildpart_time: 1.606917048	probejoin_time: 0.598093647	total_time: 2.205010695
[0;35mmatched_cnt: 268435456	check_sum: 4503599895805952
[0;36mmemory_type: nvm	algo: phj_ind_uni_hro	workload: uniform_pkfk_A	buildpart_time: 1.610774501	probejoin_time: 0.597099464	total_time: 2.207873965
[0;35mmatched_cnt: 268435456	check_sum: 4503599895805952
[0;36mmemory_type: nvm	algo: phj_ind_uni_hro	workload: uniform_pkfk_A	buildpart_time: 1.609052467	probejoin_time: 0.603384083	total_time: 2.212436550
[0;35mmatched_cnt: 268435456	check_sum: 4503599895805952
[0;36mmemory_type: nvm	algo: phj_ind_uni_hro	workload: uniform_pkfk_A	buildpart_time: 1.614717714	probejoin_time: 0.597167912	total_time: 2.211885626
[0;32m
num_trials: 5	memory_type: nvm	algo: phj_ind_uni_hro	workload: uniform_pkfk_A	buildpart_time: 1.609773943	probejoin_time: 0.598415032	total_time: 2.208188975

[0m



CONFIGURATION:	WARMUP	USE_HYPERTHREADING	TUPLE_T_SIZE: 16	THREAD_NUM: 20	BUILDPART_THREAD_NUM: 6	BUILDPART_WRITE_THREAD_NUM: 11	INTERMEDIATEMEMSET_THREAD_NUM: 7	PROBEJOIN_THREAD_NUM: 6	RETRIEVE_THREAD_NUM: 19	XSOCKET_THREAD_NUM_DEFAULT: 4	PREFETCH_DISTANCE: 32	BUCKET_CAPACITY: 2	OVERFLOW_BUF_SIZE: 1024	NUM_RADIX_BITS: 16	NUM_RADIX_BITS_PASS1: 11	NUM_PASSES: 2	SWWCB_SIZE: 256	USE_SWWCB_OPTIMIZED_PART	USE_SWWCB_OPTIMIZED_RADIX_CLUSTER	INTERMEDIATE_SCALING_FACTOR: 2	PHJ_SC_BUCKET_CAPACITY: 2	PART_BUFFER_T_CAPACITY: 128
[0;35mmatched_cnt: 268435456	check_sum: 4503599895805952
[0;36mmemory_type: nvm	algo: phj_ind_uni_hro	workload: uniform_pkfk_A	buildpart_time: 1.333928522	probejoin_time: 0.437379400	total_time: 1.771307922
[0;35mmatched_cnt: 268435456	check_sum: 4503599895805952
[0;36mmemory_type: nvm	algo: phj_ind_uni_hro	workload: uniform_pkfk_A	buildpart_time: 1.335711259	probejoin_time: 0.436332167	total_time: 1.772043426
[0;35mmatched_cnt: 268435456	check_sum: 4503599895805952
[0;36mmemory_type: nvm	algo: phj_ind_uni_hro	workload: uniform_pkfk_A	buildpart_time: 1.328567765	probejoin_time: 0.437104877	total_time: 1.765672642
[0;35mmatched_cnt: 268435456	check_sum: 4503599895805952
[0;36mmemory_type: nvm	algo: phj_ind_uni_hro	workload: uniform_pkfk_A	buildpart_time: 1.326684002	probejoin_time: 0.437959888	total_time: 1.764643890
[0;35mmatched_cnt: 268435456	check_sum: 4503599895805952
[0;36mmemory_type: nvm	algo: phj_ind_uni_hro	workload: uniform_pkfk_A	buildpart_time: 1.337467609	probejoin_time: 0.436404104	total_time: 1.773871713
[0;35mmatched_cnt: 268435456	check_sum: 4503599895805952
[0;36mmemory_type: nvm	algo: phj_ind_uni_hro	workload: uniform_pkfk_A	buildpart_time: 1.328365276	probejoin_time: 0.437616098	total_time: 1.765981374
[0;32m
num_trials: 5	memory_type: nvm	algo: phj_ind_uni_hro	workload: uniform_pkfk_A	buildpart_time: 1.331359182	probejoin_time: 0.437083427	total_time: 1.768442609

[0m



CONFIGURATION:	WARMUP	USE_HYPERTHREADING	TUPLE_T_SIZE: 16	THREAD_NUM: 20	BUILDPART_THREAD_NUM: 8	BUILDPART_WRITE_THREAD_NUM: 11	INTERMEDIATEMEMSET_THREAD_NUM: 7	PROBEJOIN_THREAD_NUM: 8	RETRIEVE_THREAD_NUM: 19	XSOCKET_THREAD_NUM_DEFAULT: 4	PREFETCH_DISTANCE: 32	BUCKET_CAPACITY: 2	OVERFLOW_BUF_SIZE: 1024	NUM_RADIX_BITS: 16	NUM_RADIX_BITS_PASS1: 11	NUM_PASSES: 2	SWWCB_SIZE: 256	USE_SWWCB_OPTIMIZED_PART	USE_SWWCB_OPTIMIZED_RADIX_CLUSTER	INTERMEDIATE_SCALING_FACTOR: 2	PHJ_SC_BUCKET_CAPACITY: 2	PART_BUFFER_T_CAPACITY: 128
[0;35mmatched_cnt: 268435456	check_sum: 4503599895805952
[0;36mmemory_type: nvm	algo: phj_ind_uni_hro	workload: uniform_pkfk_A	buildpart_time: 1.197872837	probejoin_time: 0.361529756	total_time: 1.559402593
[0;35mmatched_cnt: 268435456	check_sum: 4503599895805952
[0;36mmemory_type: nvm	algo: phj_ind_uni_hro	workload: uniform_pkfk_A	buildpart_time: 1.196865858	probejoin_time: 0.361931503	total_time: 1.558797361
[0;35mmatched_cnt: 268435456	check_sum: 4503599895805952
[0;36mmemory_type: nvm	algo: phj_ind_uni_hro	workload: uniform_pkfk_A	buildpart_time: 1.202420003	probejoin_time: 0.363150441	total_time: 1.565570444
[0;35mmatched_cnt: 268435456	check_sum: 4503599895805952
[0;36mmemory_type: nvm	algo: phj_ind_uni_hro	workload: uniform_pkfk_A	buildpart_time: 1.176470320	probejoin_time: 0.362454848	total_time: 1.538925168
[0;35mmatched_cnt: 268435456	check_sum: 4503599895805952
[0;36mmemory_type: nvm	algo: phj_ind_uni_hro	workload: uniform_pkfk_A	buildpart_time: 1.176168343	probejoin_time: 0.363381218	total_time: 1.539549561
[0;35mmatched_cnt: 268435456	check_sum: 4503599895805952
[0;36mmemory_type: nvm	algo: phj_ind_uni_hro	workload: uniform_pkfk_A	buildpart_time: 1.202704442	probejoin_time: 0.362492080	total_time: 1.565196522
[0;32m
num_trials: 5	memory_type: nvm	algo: phj_ind_uni_hro	workload: uniform_pkfk_A	buildpart_time: 1.190925793	probejoin_time: 0.362682018	total_time: 1.553607811

[0m



CONFIGURATION:	WARMUP	USE_HYPERTHREADING	TUPLE_T_SIZE: 16	THREAD_NUM: 20	BUILDPART_THREAD_NUM: 10	BUILDPART_WRITE_THREAD_NUM: 11	INTERMEDIATEMEMSET_THREAD_NUM: 7	PROBEJOIN_THREAD_NUM: 10	RETRIEVE_THREAD_NUM: 19	XSOCKET_THREAD_NUM_DEFAULT: 4	PREFETCH_DISTANCE: 32	BUCKET_CAPACITY: 2	OVERFLOW_BUF_SIZE: 1024	NUM_RADIX_BITS: 16	NUM_RADIX_BITS_PASS1: 11	NUM_PASSES: 2	SWWCB_SIZE: 256	USE_SWWCB_OPTIMIZED_PART	USE_SWWCB_OPTIMIZED_RADIX_CLUSTER	INTERMEDIATE_SCALING_FACTOR: 2	PHJ_SC_BUCKET_CAPACITY: 2	PART_BUFFER_T_CAPACITY: 128
[0;35mmatched_cnt: 268435456	check_sum: 4503599895805952
[0;36mmemory_type: nvm	algo: phj_ind_uni_hro	workload: uniform_pkfk_A	buildpart_time: 1.120506959	probejoin_time: 0.318760415	total_time: 1.439267374
[0;35mmatched_cnt: 268435456	check_sum: 4503599895805952
[0;36mmemory_type: nvm	algo: phj_ind_uni_hro	workload: uniform_pkfk_A	buildpart_time: 1.128630672	probejoin_time: 0.320558154	total_time: 1.449188826
[0;35mmatched_cnt: 268435456	check_sum: 4503599895805952
[0;36mmemory_type: nvm	algo: phj_ind_uni_hro	workload: uniform_pkfk_A	buildpart_time: 1.108835754	probejoin_time: 0.319655522	total_time: 1.428491276
[0;35mmatched_cnt: 268435456	check_sum: 4503599895805952
[0;36mmemory_type: nvm	algo: phj_ind_uni_hro	workload: uniform_pkfk_A	buildpart_time: 1.099647586	probejoin_time: 0.319454637	total_time: 1.419102223
[0;35mmatched_cnt: 268435456	check_sum: 4503599895805952
[0;36mmemory_type: nvm	algo: phj_ind_uni_hro	workload: uniform_pkfk_A	buildpart_time: 1.110379452	probejoin_time: 0.317830510	total_time: 1.428209962
[0;35mmatched_cnt: 268435456	check_sum: 4503599895805952
[0;36mmemory_type: nvm	algo: phj_ind_uni_hro	workload: uniform_pkfk_A	buildpart_time: 1.102183282	probejoin_time: 0.319705549	total_time: 1.421888831
[0;32m
num_trials: 5	memory_type: nvm	algo: phj_ind_uni_hro	workload: uniform_pkfk_A	buildpart_time: 1.109935349	probejoin_time: 0.319440874	total_time: 1.429376224

[0m



CONFIGURATION:	WARMUP	USE_HYPERTHREADING	TUPLE_T_SIZE: 16	THREAD_NUM: 20	BUILDPART_THREAD_NUM: 12	BUILDPART_WRITE_THREAD_NUM: 11	INTERMEDIATEMEMSET_THREAD_NUM: 7	PROBEJOIN_THREAD_NUM: 12	RETRIEVE_THREAD_NUM: 19	XSOCKET_THREAD_NUM_DEFAULT: 4	PREFETCH_DISTANCE: 32	BUCKET_CAPACITY: 2	OVERFLOW_BUF_SIZE: 1024	NUM_RADIX_BITS: 16	NUM_RADIX_BITS_PASS1: 11	NUM_PASSES: 2	SWWCB_SIZE: 256	USE_SWWCB_OPTIMIZED_PART	USE_SWWCB_OPTIMIZED_RADIX_CLUSTER	INTERMEDIATE_SCALING_FACTOR: 2	PHJ_SC_BUCKET_CAPACITY: 2	PART_BUFFER_T_CAPACITY: 128
[0;35mmatched_cnt: 268435456	check_sum: 4503599895805952
[0;36mmemory_type: nvm	algo: phj_ind_uni_hro	workload: uniform_pkfk_A	buildpart_time: 1.096002742	probejoin_time: 0.296858769	total_time: 1.392861511
[0;35mmatched_cnt: 268435456	check_sum: 4503599895805952
[0;36mmemory_type: nvm	algo: phj_ind_uni_hro	workload: uniform_pkfk_A	buildpart_time: 1.102645843	probejoin_time: 0.297139061	total_time: 1.399784904
[0;35mmatched_cnt: 268435456	check_sum: 4503599895805952
[0;36mmemory_type: nvm	algo: phj_ind_uni_hro	workload: uniform_pkfk_A	buildpart_time: 1.109147033	probejoin_time: 0.297103821	total_time: 1.406250854
[0;35mmatched_cnt: 268435456	check_sum: 4503599895805952
[0;36mmemory_type: nvm	algo: phj_ind_uni_hro	workload: uniform_pkfk_A	buildpart_time: 1.107404899	probejoin_time: 0.297055624	total_time: 1.404460523
[0;35mmatched_cnt: 268435456	check_sum: 4503599895805952
[0;36mmemory_type: nvm	algo: phj_ind_uni_hro	workload: uniform_pkfk_A	buildpart_time: 1.110660531	probejoin_time: 0.296501997	total_time: 1.407162528
[0;35mmatched_cnt: 268435456	check_sum: 4503599895805952
[0;36mmemory_type: nvm	algo: phj_ind_uni_hro	workload: uniform_pkfk_A	buildpart_time: 1.092167638	probejoin_time: 0.296743697	total_time: 1.388911335
[0;32m
num_trials: 5	memory_type: nvm	algo: phj_ind_uni_hro	workload: uniform_pkfk_A	buildpart_time: 1.104405189	probejoin_time: 0.296908840	total_time: 1.401314029

[0m



CONFIGURATION:	WARMUP	USE_HYPERTHREADING	TUPLE_T_SIZE: 16	THREAD_NUM: 20	BUILDPART_THREAD_NUM: 14	BUILDPART_WRITE_THREAD_NUM: 11	INTERMEDIATEMEMSET_THREAD_NUM: 7	PROBEJOIN_THREAD_NUM: 14	RETRIEVE_THREAD_NUM: 19	XSOCKET_THREAD_NUM_DEFAULT: 4	PREFETCH_DISTANCE: 32	BUCKET_CAPACITY: 2	OVERFLOW_BUF_SIZE: 1024	NUM_RADIX_BITS: 16	NUM_RADIX_BITS_PASS1: 11	NUM_PASSES: 2	SWWCB_SIZE: 256	USE_SWWCB_OPTIMIZED_PART	USE_SWWCB_OPTIMIZED_RADIX_CLUSTER	INTERMEDIATE_SCALING_FACTOR: 2	PHJ_SC_BUCKET_CAPACITY: 2	PART_BUFFER_T_CAPACITY: 128
[0;35mmatched_cnt: 268435456	check_sum: 4503599895805952
[0;36mmemory_type: nvm	algo: phj_ind_uni_hro	workload: uniform_pkfk_A	buildpart_time: 1.161066415	probejoin_time: 0.278041158	total_time: 1.439107573
[0;35mmatched_cnt: 268435456	check_sum: 4503599895805952
[0;36mmemory_type: nvm	algo: phj_ind_uni_hro	workload: uniform_pkfk_A	buildpart_time: 1.150722980	probejoin_time: 0.280425458	total_time: 1.431148438
[0;35mmatched_cnt: 268435456	check_sum: 4503599895805952
[0;36mmemory_type: nvm	algo: phj_ind_uni_hro	workload: uniform_pkfk_A	buildpart_time: 1.127285354	probejoin_time: 0.277368635	total_time: 1.404653989
[0;35mmatched_cnt: 268435456	check_sum: 4503599895805952
[0;36mmemory_type: nvm	algo: phj_ind_uni_hro	workload: uniform_pkfk_A	buildpart_time: 1.137080953	probejoin_time: 0.279052016	total_time: 1.416132969
[0;35mmatched_cnt: 268435456	check_sum: 4503599895805952
[0;36mmemory_type: nvm	algo: phj_ind_uni_hro	workload: uniform_pkfk_A	buildpart_time: 1.151185707	probejoin_time: 0.277659142	total_time: 1.428844849
[0;35mmatched_cnt: 268435456	check_sum: 4503599895805952
[0;36mmemory_type: nvm	algo: phj_ind_uni_hro	workload: uniform_pkfk_A	buildpart_time: 1.143378831	probejoin_time: 0.277866370	total_time: 1.421245201
[0;32m
num_trials: 5	memory_type: nvm	algo: phj_ind_uni_hro	workload: uniform_pkfk_A	buildpart_time: 1.141930765	probejoin_time: 0.278474324	total_time: 1.420405089

[0m



CONFIGURATION:	WARMUP	USE_HYPERTHREADING	TUPLE_T_SIZE: 16	THREAD_NUM: 20	BUILDPART_THREAD_NUM: 16	BUILDPART_WRITE_THREAD_NUM: 11	INTERMEDIATEMEMSET_THREAD_NUM: 7	PROBEJOIN_THREAD_NUM: 16	RETRIEVE_THREAD_NUM: 19	XSOCKET_THREAD_NUM_DEFAULT: 4	PREFETCH_DISTANCE: 32	BUCKET_CAPACITY: 2	OVERFLOW_BUF_SIZE: 1024	NUM_RADIX_BITS: 16	NUM_RADIX_BITS_PASS1: 11	NUM_PASSES: 2	SWWCB_SIZE: 256	USE_SWWCB_OPTIMIZED_PART	USE_SWWCB_OPTIMIZED_RADIX_CLUSTER	INTERMEDIATE_SCALING_FACTOR: 2	PHJ_SC_BUCKET_CAPACITY: 2	PART_BUFFER_T_CAPACITY: 128
[0;35mmatched_cnt: 268435456	check_sum: 4503599895805952
[0;36mmemory_type: nvm	algo: phj_ind_uni_hro	workload: uniform_pkfk_A	buildpart_time: 1.175630039	probejoin_time: 0.268768887	total_time: 1.444398926
[0;35mmatched_cnt: 268435456	check_sum: 4503599895805952
[0;36mmemory_type: nvm	algo: phj_ind_uni_hro	workload: uniform_pkfk_A	buildpart_time: 1.184109403	probejoin_time: 0.269984634	total_time: 1.454094037
[0;35mmatched_cnt: 268435456	check_sum: 4503599895805952
[0;36mmemory_type: nvm	algo: phj_ind_uni_hro	workload: uniform_pkfk_A	buildpart_time: 1.190065010	probejoin_time: 0.270722497	total_time: 1.460787507
[0;35mmatched_cnt: 268435456	check_sum: 4503599895805952
[0;36mmemory_type: nvm	algo: phj_ind_uni_hro	workload: uniform_pkfk_A	buildpart_time: 1.189524213	probejoin_time: 0.269857242	total_time: 1.459381455
[0;35mmatched_cnt: 268435456	check_sum: 4503599895805952
[0;36mmemory_type: nvm	algo: phj_ind_uni_hro	workload: uniform_pkfk_A	buildpart_time: 1.202755957	probejoin_time: 0.271030830	total_time: 1.473786787
[0;35mmatched_cnt: 268435456	check_sum: 4503599895805952
[0;36mmemory_type: nvm	algo: phj_ind_uni_hro	workload: uniform_pkfk_A	buildpart_time: 1.201773863	probejoin_time: 0.270525124	total_time: 1.472298987
[0;32m
num_trials: 5	memory_type: nvm	algo: phj_ind_uni_hro	workload: uniform_pkfk_A	buildpart_time: 1.193645689	probejoin_time: 0.270424065	total_time: 1.464069755

[0m



CONFIGURATION:	WARMUP	USE_HYPERTHREADING	TUPLE_T_SIZE: 16	THREAD_NUM: 20	BUILDPART_THREAD_NUM: 18	BUILDPART_WRITE_THREAD_NUM: 11	INTERMEDIATEMEMSET_THREAD_NUM: 7	PROBEJOIN_THREAD_NUM: 18	RETRIEVE_THREAD_NUM: 19	XSOCKET_THREAD_NUM_DEFAULT: 4	PREFETCH_DISTANCE: 32	BUCKET_CAPACITY: 2	OVERFLOW_BUF_SIZE: 1024	NUM_RADIX_BITS: 16	NUM_RADIX_BITS_PASS1: 11	NUM_PASSES: 2	SWWCB_SIZE: 256	USE_SWWCB_OPTIMIZED_PART	USE_SWWCB_OPTIMIZED_RADIX_CLUSTER	INTERMEDIATE_SCALING_FACTOR: 2	PHJ_SC_BUCKET_CAPACITY: 2	PART_BUFFER_T_CAPACITY: 128
[0;35mmatched_cnt: 268435456	check_sum: 4503599895805952
[0;36mmemory_type: nvm	algo: phj_ind_uni_hro	workload: uniform_pkfk_A	buildpart_time: 1.213040770	probejoin_time: 0.260531541	total_time: 1.473572311
[0;35mmatched_cnt: 268435456	check_sum: 4503599895805952
[0;36mmemory_type: nvm	algo: phj_ind_uni_hro	workload: uniform_pkfk_A	buildpart_time: 1.201709692	probejoin_time: 0.260344349	total_time: 1.462054041
[0;35mmatched_cnt: 268435456	check_sum: 4503599895805952
[0;36mmemory_type: nvm	algo: phj_ind_uni_hro	workload: uniform_pkfk_A	buildpart_time: 1.197627407	probejoin_time: 0.261027216	total_time: 1.458654623
[0;35mmatched_cnt: 268435456	check_sum: 4503599895805952
[0;36mmemory_type: nvm	algo: phj_ind_uni_hro	workload: uniform_pkfk_A	buildpart_time: 1.199678283	probejoin_time: 0.260876425	total_time: 1.460554708
[0;35mmatched_cnt: 268435456	check_sum: 4503599895805952
[0;36mmemory_type: nvm	algo: phj_ind_uni_hro	workload: uniform_pkfk_A	buildpart_time: 1.213353204	probejoin_time: 0.261124397	total_time: 1.474477601
[0;35mmatched_cnt: 268435456	check_sum: 4503599895805952
[0;36mmemory_type: nvm	algo: phj_ind_uni_hro	workload: uniform_pkfk_A	buildpart_time: 1.219634619	probejoin_time: 0.261891675	total_time: 1.481526294
[0;32m
num_trials: 5	memory_type: nvm	algo: phj_ind_uni_hro	workload: uniform_pkfk_A	buildpart_time: 1.206400641	probejoin_time: 0.261052812	total_time: 1.467453453

[0m



CONFIGURATION:	WARMUP	USE_HYPERTHREADING	TUPLE_T_SIZE: 16	THREAD_NUM: 20	BUILDPART_THREAD_NUM: 20	BUILDPART_WRITE_THREAD_NUM: 11	INTERMEDIATEMEMSET_THREAD_NUM: 7	PROBEJOIN_THREAD_NUM: 20	RETRIEVE_THREAD_NUM: 19	XSOCKET_THREAD_NUM_DEFAULT: 4	PREFETCH_DISTANCE: 32	BUCKET_CAPACITY: 2	OVERFLOW_BUF_SIZE: 1024	NUM_RADIX_BITS: 16	NUM_RADIX_BITS_PASS1: 11	NUM_PASSES: 2	SWWCB_SIZE: 256	USE_SWWCB_OPTIMIZED_PART	USE_SWWCB_OPTIMIZED_RADIX_CLUSTER	INTERMEDIATE_SCALING_FACTOR: 2	PHJ_SC_BUCKET_CAPACITY: 2	PART_BUFFER_T_CAPACITY: 128
[0;35mmatched_cnt: 268435456	check_sum: 4503599895805952
[0;36mmemory_type: nvm	algo: phj_ind_uni_hro	workload: uniform_pkfk_A	buildpart_time: 1.238893035	probejoin_time: 0.258281137	total_time: 1.497174172
[0;35mmatched_cnt: 268435456	check_sum: 4503599895805952
[0;36mmemory_type: nvm	algo: phj_ind_uni_hro	workload: uniform_pkfk_A	buildpart_time: 1.255145915	probejoin_time: 0.258944832	total_time: 1.514090747
[0;35mmatched_cnt: 268435456	check_sum: 4503599895805952
[0;36mmemory_type: nvm	algo: phj_ind_uni_hro	workload: uniform_pkfk_A	buildpart_time: 1.243585282	probejoin_time: 0.258005503	total_time: 1.501590785
[0;35mmatched_cnt: 268435456	check_sum: 4503599895805952
[0;36mmemory_type: nvm	algo: phj_ind_uni_hro	workload: uniform_pkfk_A	buildpart_time: 1.233587410	probejoin_time: 0.259053387	total_time: 1.492640797
[0;35mmatched_cnt: 268435456	check_sum: 4503599895805952
[0;36mmemory_type: nvm	algo: phj_ind_uni_hro	workload: uniform_pkfk_A	buildpart_time: 1.225185136	probejoin_time: 0.257828104	total_time: 1.483013240
[0;35mmatched_cnt: 268435456	check_sum: 4503599895805952
[0;36mmemory_type: nvm	algo: phj_ind_uni_hro	workload: uniform_pkfk_A	buildpart_time: 1.223091134	probejoin_time: 0.256850981	total_time: 1.479942115
[0;32m
num_trials: 5	memory_type: nvm	algo: phj_ind_uni_hro	workload: uniform_pkfk_A	buildpart_time: 1.236118975	probejoin_time: 0.258136561	total_time: 1.494255537

[0m



CONFIGURATION:	WARMUP	USE_HYPERTHREADING	TUPLE_T_SIZE: 16	THREAD_NUM: 20	BUILDPART_THREAD_NUM: 22	BUILDPART_WRITE_THREAD_NUM: 11	INTERMEDIATEMEMSET_THREAD_NUM: 7	PROBEJOIN_THREAD_NUM: 22	RETRIEVE_THREAD_NUM: 19	XSOCKET_THREAD_NUM_DEFAULT: 4	PREFETCH_DISTANCE: 32	BUCKET_CAPACITY: 2	OVERFLOW_BUF_SIZE: 1024	NUM_RADIX_BITS: 16	NUM_RADIX_BITS_PASS1: 11	NUM_PASSES: 2	SWWCB_SIZE: 256	USE_SWWCB_OPTIMIZED_PART	USE_SWWCB_OPTIMIZED_RADIX_CLUSTER	INTERMEDIATE_SCALING_FACTOR: 2	PHJ_SC_BUCKET_CAPACITY: 2	PART_BUFFER_T_CAPACITY: 128
[0;35mmatched_cnt: 268435456	check_sum: 4503599895805952
[0;36mmemory_type: nvm	algo: phj_ind_uni_hro	workload: uniform_pkfk_A	buildpart_time: 1.278079602	probejoin_time: 0.256236925	total_time: 1.534316527
[0;35mmatched_cnt: 268435456	check_sum: 4503599895805952
[0;36mmemory_type: nvm	algo: phj_ind_uni_hro	workload: uniform_pkfk_A	buildpart_time: 1.280681785	probejoin_time: 0.256816491	total_time: 1.537498276
[0;35mmatched_cnt: 268435456	check_sum: 4503599895805952
[0;36mmemory_type: nvm	algo: phj_ind_uni_hro	workload: uniform_pkfk_A	buildpart_time: 1.273225650	probejoin_time: 0.255933155	total_time: 1.529158805
[0;35mmatched_cnt: 268435456	check_sum: 4503599895805952
[0;36mmemory_type: nvm	algo: phj_ind_uni_hro	workload: uniform_pkfk_A	buildpart_time: 1.281696694	probejoin_time: 0.257400817	total_time: 1.539097511
[0;35mmatched_cnt: 268435456	check_sum: 4503599895805952
[0;36mmemory_type: nvm	algo: phj_ind_uni_hro	workload: uniform_pkfk_A	buildpart_time: 1.286707337	probejoin_time: 0.257566326	total_time: 1.544273663
[0;35mmatched_cnt: 268435456	check_sum: 4503599895805952
[0;36mmemory_type: nvm	algo: phj_ind_uni_hro	workload: uniform_pkfk_A	buildpart_time: 1.272436825	probejoin_time: 0.256671536	total_time: 1.529108361
[0;32m
num_trials: 5	memory_type: nvm	algo: phj_ind_uni_hro	workload: uniform_pkfk_A	buildpart_time: 1.278949658	probejoin_time: 0.256877665	total_time: 1.535827323

[0m



CONFIGURATION:	WARMUP	USE_HYPERTHREADING	TUPLE_T_SIZE: 16	THREAD_NUM: 20	BUILDPART_THREAD_NUM: 24	BUILDPART_WRITE_THREAD_NUM: 11	INTERMEDIATEMEMSET_THREAD_NUM: 7	PROBEJOIN_THREAD_NUM: 24	RETRIEVE_THREAD_NUM: 19	XSOCKET_THREAD_NUM_DEFAULT: 4	PREFETCH_DISTANCE: 32	BUCKET_CAPACITY: 2	OVERFLOW_BUF_SIZE: 1024	NUM_RADIX_BITS: 16	NUM_RADIX_BITS_PASS1: 11	NUM_PASSES: 2	SWWCB_SIZE: 256	USE_SWWCB_OPTIMIZED_PART	USE_SWWCB_OPTIMIZED_RADIX_CLUSTER	INTERMEDIATE_SCALING_FACTOR: 2	PHJ_SC_BUCKET_CAPACITY: 2	PART_BUFFER_T_CAPACITY: 128
[0;35mmatched_cnt: 268435456	check_sum: 4503599895805952
[0;36mmemory_type: nvm	algo: phj_ind_uni_hro	workload: uniform_pkfk_A	buildpart_time: 1.263618985	probejoin_time: 0.255910501	total_time: 1.519529486
[0;35mmatched_cnt: 268435456	check_sum: 4503599895805952
[0;36mmemory_type: nvm	algo: phj_ind_uni_hro	workload: uniform_pkfk_A	buildpart_time: 1.259835358	probejoin_time: 0.255437651	total_time: 1.515273009
[0;35mmatched_cnt: 268435456	check_sum: 4503599895805952
[0;36mmemory_type: nvm	algo: phj_ind_uni_hro	workload: uniform_pkfk_A	buildpart_time: 1.255880183	probejoin_time: 0.256082210	total_time: 1.511962393
[0;35mmatched_cnt: 268435456	check_sum: 4503599895805952
[0;36mmemory_type: nvm	algo: phj_ind_uni_hro	workload: uniform_pkfk_A	buildpart_time: 1.264278376	probejoin_time: 0.254993497	total_time: 1.519271873
[0;35mmatched_cnt: 268435456	check_sum: 4503599895805952
[0;36mmemory_type: nvm	algo: phj_ind_uni_hro	workload: uniform_pkfk_A	buildpart_time: 1.257664215	probejoin_time: 0.255707021	total_time: 1.513371236
[0;35mmatched_cnt: 268435456	check_sum: 4503599895805952
[0;36mmemory_type: nvm	algo: phj_ind_uni_hro	workload: uniform_pkfk_A	buildpart_time: 1.261293468	probejoin_time: 0.255814698	total_time: 1.517108166
[0;32m
num_trials: 5	memory_type: nvm	algo: phj_ind_uni_hro	workload: uniform_pkfk_A	buildpart_time: 1.259790320	probejoin_time: 0.255607015	total_time: 1.515397335

[0m



CONFIGURATION:	WARMUP	USE_HYPERTHREADING	TUPLE_T_SIZE: 16	THREAD_NUM: 20	BUILDPART_THREAD_NUM: 26	BUILDPART_WRITE_THREAD_NUM: 11	INTERMEDIATEMEMSET_THREAD_NUM: 7	PROBEJOIN_THREAD_NUM: 26	RETRIEVE_THREAD_NUM: 19	XSOCKET_THREAD_NUM_DEFAULT: 4	PREFETCH_DISTANCE: 32	BUCKET_CAPACITY: 2	OVERFLOW_BUF_SIZE: 1024	NUM_RADIX_BITS: 16	NUM_RADIX_BITS_PASS1: 11	NUM_PASSES: 2	SWWCB_SIZE: 256	USE_SWWCB_OPTIMIZED_PART	USE_SWWCB_OPTIMIZED_RADIX_CLUSTER	INTERMEDIATE_SCALING_FACTOR: 2	PHJ_SC_BUCKET_CAPACITY: 2	PART_BUFFER_T_CAPACITY: 128
[0;35mmatched_cnt: 268435456	check_sum: 4503599895805952
[0;36mmemory_type: nvm	algo: phj_ind_uni_hro	workload: uniform_pkfk_A	buildpart_time: 1.252633449	probejoin_time: 0.255043261	total_time: 1.507676710
[0;35mmatched_cnt: 268435456	check_sum: 4503599895805952
[0;36mmemory_type: nvm	algo: phj_ind_uni_hro	workload: uniform_pkfk_A	buildpart_time: 1.251119507	probejoin_time: 0.253681640	total_time: 1.504801147
[0;35mmatched_cnt: 268435456	check_sum: 4503599895805952
[0;36mmemory_type: nvm	algo: phj_ind_uni_hro	workload: uniform_pkfk_A	buildpart_time: 1.248714746	probejoin_time: 0.253329434	total_time: 1.502044180
[0;35mmatched_cnt: 268435456	check_sum: 4503599895805952
[0;36mmemory_type: nvm	algo: phj_ind_uni_hro	workload: uniform_pkfk_A	buildpart_time: 1.246637389	probejoin_time: 0.253432933	total_time: 1.500070322
[0;35mmatched_cnt: 268435456	check_sum: 4503599895805952
[0;36mmemory_type: nvm	algo: phj_ind_uni_hro	workload: uniform_pkfk_A	buildpart_time: 1.247645257	probejoin_time: 0.254296214	total_time: 1.501941471
[0;35mmatched_cnt: 268435456	check_sum: 4503599895805952
[0;36mmemory_type: nvm	algo: phj_ind_uni_hro	workload: uniform_pkfk_A	buildpart_time: 1.248505459	probejoin_time: 0.254240669	total_time: 1.502746128
[0;32m
num_trials: 5	memory_type: nvm	algo: phj_ind_uni_hro	workload: uniform_pkfk_A	buildpart_time: 1.248524472	probejoin_time: 0.253796178	total_time: 1.502320650

[0m



CONFIGURATION:	WARMUP	USE_HYPERTHREADING	TUPLE_T_SIZE: 16	THREAD_NUM: 20	BUILDPART_THREAD_NUM: 28	BUILDPART_WRITE_THREAD_NUM: 11	INTERMEDIATEMEMSET_THREAD_NUM: 7	PROBEJOIN_THREAD_NUM: 28	RETRIEVE_THREAD_NUM: 19	XSOCKET_THREAD_NUM_DEFAULT: 4	PREFETCH_DISTANCE: 32	BUCKET_CAPACITY: 2	OVERFLOW_BUF_SIZE: 1024	NUM_RADIX_BITS: 16	NUM_RADIX_BITS_PASS1: 11	NUM_PASSES: 2	SWWCB_SIZE: 256	USE_SWWCB_OPTIMIZED_PART	USE_SWWCB_OPTIMIZED_RADIX_CLUSTER	INTERMEDIATE_SCALING_FACTOR: 2	PHJ_SC_BUCKET_CAPACITY: 2	PART_BUFFER_T_CAPACITY: 128
[0;35mmatched_cnt: 268435456	check_sum: 4503599895805952
[0;36mmemory_type: nvm	algo: phj_ind_uni_hro	workload: uniform_pkfk_A	buildpart_time: 1.251209175	probejoin_time: 0.253439654	total_time: 1.504648829
[0;35mmatched_cnt: 268435456	check_sum: 4503599895805952
[0;36mmemory_type: nvm	algo: phj_ind_uni_hro	workload: uniform_pkfk_A	buildpart_time: 1.241663922	probejoin_time: 0.251800953	total_time: 1.493464875
[0;35mmatched_cnt: 268435456	check_sum: 4503599895805952
[0;36mmemory_type: nvm	algo: phj_ind_uni_hro	workload: uniform_pkfk_A	buildpart_time: 1.243215666	probejoin_time: 0.251833904	total_time: 1.495049570
[0;35mmatched_cnt: 268435456	check_sum: 4503599895805952
[0;36mmemory_type: nvm	algo: phj_ind_uni_hro	workload: uniform_pkfk_A	buildpart_time: 1.241196838	probejoin_time: 0.252068381	total_time: 1.493265219
[0;35mmatched_cnt: 268435456	check_sum: 4503599895805952
[0;36mmemory_type: nvm	algo: phj_ind_uni_hro	workload: uniform_pkfk_A	buildpart_time: 1.241699447	probejoin_time: 0.252040624	total_time: 1.493740071
[0;35mmatched_cnt: 268435456	check_sum: 4503599895805952
[0;36mmemory_type: nvm	algo: phj_ind_uni_hro	workload: uniform_pkfk_A	buildpart_time: 1.240110507	probejoin_time: 0.253068155	total_time: 1.493178662
[0;32m
num_trials: 5	memory_type: nvm	algo: phj_ind_uni_hro	workload: uniform_pkfk_A	buildpart_time: 1.241577276	probejoin_time: 0.252162403	total_time: 1.493739679

[0m



CONFIGURATION:	WARMUP	USE_HYPERTHREADING	TUPLE_T_SIZE: 16	THREAD_NUM: 20	BUILDPART_THREAD_NUM: 30	BUILDPART_WRITE_THREAD_NUM: 11	INTERMEDIATEMEMSET_THREAD_NUM: 7	PROBEJOIN_THREAD_NUM: 30	RETRIEVE_THREAD_NUM: 19	XSOCKET_THREAD_NUM_DEFAULT: 4	PREFETCH_DISTANCE: 32	BUCKET_CAPACITY: 2	OVERFLOW_BUF_SIZE: 1024	NUM_RADIX_BITS: 16	NUM_RADIX_BITS_PASS1: 11	NUM_PASSES: 2	SWWCB_SIZE: 256	USE_SWWCB_OPTIMIZED_PART	USE_SWWCB_OPTIMIZED_RADIX_CLUSTER	INTERMEDIATE_SCALING_FACTOR: 2	PHJ_SC_BUCKET_CAPACITY: 2	PART_BUFFER_T_CAPACITY: 128
[0;35mmatched_cnt: 268435456	check_sum: 4503599895805952
[0;36mmemory_type: nvm	algo: phj_ind_uni_hro	workload: uniform_pkfk_A	buildpart_time: 1.251566086	probejoin_time: 0.253135991	total_time: 1.504702077
[0;35mmatched_cnt: 268435456	check_sum: 4503599895805952
[0;36mmemory_type: nvm	algo: phj_ind_uni_hro	workload: uniform_pkfk_A	buildpart_time: 1.243211940	probejoin_time: 0.253496980	total_time: 1.496708920
[0;35mmatched_cnt: 268435456	check_sum: 4503599895805952
[0;36mmemory_type: nvm	algo: phj_ind_uni_hro	workload: uniform_pkfk_A	buildpart_time: 1.243045114	probejoin_time: 0.252168610	total_time: 1.495213724
[0;35mmatched_cnt: 268435456	check_sum: 4503599895805952
[0;36mmemory_type: nvm	algo: phj_ind_uni_hro	workload: uniform_pkfk_A	buildpart_time: 1.240817310	probejoin_time: 0.251758332	total_time: 1.492575642
[0;35mmatched_cnt: 268435456	check_sum: 4503599895805952
[0;36mmemory_type: nvm	algo: phj_ind_uni_hro	workload: uniform_pkfk_A	buildpart_time: 1.243217170	probejoin_time: 0.253222897	total_time: 1.496440067
[0;35mmatched_cnt: 268435456	check_sum: 4503599895805952
[0;36mmemory_type: nvm	algo: phj_ind_uni_hro	workload: uniform_pkfk_A	buildpart_time: 1.235722857	probejoin_time: 0.251304776	total_time: 1.487027633
[0;32m
num_trials: 5	memory_type: nvm	algo: phj_ind_uni_hro	workload: uniform_pkfk_A	buildpart_time: 1.241202878	probejoin_time: 0.252390319	total_time: 1.493593197

[0m



CONFIGURATION:	WARMUP	USE_HYPERTHREADING	TUPLE_T_SIZE: 16	THREAD_NUM: 20	BUILDPART_THREAD_NUM: 32	BUILDPART_WRITE_THREAD_NUM: 11	INTERMEDIATEMEMSET_THREAD_NUM: 7	PROBEJOIN_THREAD_NUM: 32	RETRIEVE_THREAD_NUM: 19	XSOCKET_THREAD_NUM_DEFAULT: 4	PREFETCH_DISTANCE: 32	BUCKET_CAPACITY: 2	OVERFLOW_BUF_SIZE: 1024	NUM_RADIX_BITS: 16	NUM_RADIX_BITS_PASS1: 11	NUM_PASSES: 2	SWWCB_SIZE: 256	USE_SWWCB_OPTIMIZED_PART	USE_SWWCB_OPTIMIZED_RADIX_CLUSTER	INTERMEDIATE_SCALING_FACTOR: 2	PHJ_SC_BUCKET_CAPACITY: 2	PART_BUFFER_T_CAPACITY: 128
[0;35mmatched_cnt: 268435456	check_sum: 4503599895805952
[0;36mmemory_type: nvm	algo: phj_ind_uni_hro	workload: uniform_pkfk_A	buildpart_time: 1.263677503	probejoin_time: 0.250502240	total_time: 1.514179743
[0;35mmatched_cnt: 268435456	check_sum: 4503599895805952
[0;36mmemory_type: nvm	algo: phj_ind_uni_hro	workload: uniform_pkfk_A	buildpart_time: 1.255277610	probejoin_time: 0.250584105	total_time: 1.505861715
[0;35mmatched_cnt: 268435456	check_sum: 4503599895805952
[0;36mmemory_type: nvm	algo: phj_ind_uni_hro	workload: uniform_pkfk_A	buildpart_time: 1.251284688	probejoin_time: 0.250418824	total_time: 1.501703512
[0;35mmatched_cnt: 268435456	check_sum: 4503599895805952
[0;36mmemory_type: nvm	algo: phj_ind_uni_hro	workload: uniform_pkfk_A	buildpart_time: 1.254096350	probejoin_time: 0.249941642	total_time: 1.504037992
[0;35mmatched_cnt: 268435456	check_sum: 4503599895805952
[0;36mmemory_type: nvm	algo: phj_ind_uni_hro	workload: uniform_pkfk_A	buildpart_time: 1.252295251	probejoin_time: 0.251221946	total_time: 1.503517197
[0;35mmatched_cnt: 268435456	check_sum: 4503599895805952
[0;36mmemory_type: nvm	algo: phj_ind_uni_hro	workload: uniform_pkfk_A	buildpart_time: 1.257987164	probejoin_time: 0.250583671	total_time: 1.508570835
[0;32m
num_trials: 5	memory_type: nvm	algo: phj_ind_uni_hro	workload: uniform_pkfk_A	buildpart_time: 1.254188213	probejoin_time: 0.250550038	total_time: 1.504738250

[0m



CONFIGURATION:	WARMUP	USE_HYPERTHREADING	TUPLE_T_SIZE: 16	THREAD_NUM: 20	BUILDPART_THREAD_NUM: 34	BUILDPART_WRITE_THREAD_NUM: 11	INTERMEDIATEMEMSET_THREAD_NUM: 7	PROBEJOIN_THREAD_NUM: 34	RETRIEVE_THREAD_NUM: 19	XSOCKET_THREAD_NUM_DEFAULT: 4	PREFETCH_DISTANCE: 32	BUCKET_CAPACITY: 2	OVERFLOW_BUF_SIZE: 1024	NUM_RADIX_BITS: 16	NUM_RADIX_BITS_PASS1: 11	NUM_PASSES: 2	SWWCB_SIZE: 256	USE_SWWCB_OPTIMIZED_PART	USE_SWWCB_OPTIMIZED_RADIX_CLUSTER	INTERMEDIATE_SCALING_FACTOR: 2	PHJ_SC_BUCKET_CAPACITY: 2	PART_BUFFER_T_CAPACITY: 128
[0;35mmatched_cnt: 268435456	check_sum: 4503599895805952
[0;36mmemory_type: nvm	algo: phj_ind_uni_hro	workload: uniform_pkfk_A	buildpart_time: 1.265676007	probejoin_time: 0.249222897	total_time: 1.514898904
[0;35mmatched_cnt: 268435456	check_sum: 4503599895805952
[0;36mmemory_type: nvm	algo: phj_ind_uni_hro	workload: uniform_pkfk_A	buildpart_time: 1.264391745	probejoin_time: 0.250012069	total_time: 1.514403814
[0;35mmatched_cnt: 268435456	check_sum: 4503599895805952
[0;36mmemory_type: nvm	algo: phj_ind_uni_hro	workload: uniform_pkfk_A	buildpart_time: 1.261374477	probejoin_time: 0.250870103	total_time: 1.512244580
[0;35mmatched_cnt: 268435456	check_sum: 4503599895805952
[0;36mmemory_type: nvm	algo: phj_ind_uni_hro	workload: uniform_pkfk_A	buildpart_time: 1.256133020	probejoin_time: 0.250000265	total_time: 1.506133285
[0;35mmatched_cnt: 268435456	check_sum: 4503599895805952
[0;36mmemory_type: nvm	algo: phj_ind_uni_hro	workload: uniform_pkfk_A	buildpart_time: 1.265740666	probejoin_time: 0.251189813	total_time: 1.516930479
[0;35mmatched_cnt: 268435456	check_sum: 4503599895805952
[0;36mmemory_type: nvm	algo: phj_ind_uni_hro	workload: uniform_pkfk_A	buildpart_time: 1.266096476	probejoin_time: 0.248274976	total_time: 1.514371452
[0;32m
num_trials: 5	memory_type: nvm	algo: phj_ind_uni_hro	workload: uniform_pkfk_A	buildpart_time: 1.262747277	probejoin_time: 0.250069445	total_time: 1.512816722

[0m



CONFIGURATION:	WARMUP	USE_HYPERTHREADING	TUPLE_T_SIZE: 16	THREAD_NUM: 20	BUILDPART_THREAD_NUM: 36	BUILDPART_WRITE_THREAD_NUM: 11	INTERMEDIATEMEMSET_THREAD_NUM: 7	PROBEJOIN_THREAD_NUM: 36	RETRIEVE_THREAD_NUM: 19	XSOCKET_THREAD_NUM_DEFAULT: 4	PREFETCH_DISTANCE: 32	BUCKET_CAPACITY: 2	OVERFLOW_BUF_SIZE: 1024	NUM_RADIX_BITS: 16	NUM_RADIX_BITS_PASS1: 11	NUM_PASSES: 2	SWWCB_SIZE: 256	USE_SWWCB_OPTIMIZED_PART	USE_SWWCB_OPTIMIZED_RADIX_CLUSTER	INTERMEDIATE_SCALING_FACTOR: 2	PHJ_SC_BUCKET_CAPACITY: 2	PART_BUFFER_T_CAPACITY: 128
[0;35mmatched_cnt: 268435456	check_sum: 4503599895805952
[0;36mmemory_type: nvm	algo: phj_ind_uni_hro	workload: uniform_pkfk_A	buildpart_time: 1.273214489	probejoin_time: 0.250500038	total_time: 1.523714527
[0;35mmatched_cnt: 268435456	check_sum: 4503599895805952
[0;36mmemory_type: nvm	algo: phj_ind_uni_hro	workload: uniform_pkfk_A	buildpart_time: 1.279444570	probejoin_time: 0.251452956	total_time: 1.530897526
[0;35mmatched_cnt: 268435456	check_sum: 4503599895805952
[0;36mmemory_type: nvm	algo: phj_ind_uni_hro	workload: uniform_pkfk_A	buildpart_time: 1.269595878	probejoin_time: 0.249028053	total_time: 1.518623931
[0;35mmatched_cnt: 268435456	check_sum: 4503599895805952
[0;36mmemory_type: nvm	algo: phj_ind_uni_hro	workload: uniform_pkfk_A	buildpart_time: 1.256004526	probejoin_time: 0.248033404	total_time: 1.504037930
[0;35mmatched_cnt: 268435456	check_sum: 4503599895805952
[0;36mmemory_type: nvm	algo: phj_ind_uni_hro	workload: uniform_pkfk_A	buildpart_time: 1.251996473	probejoin_time: 0.247863714	total_time: 1.499860187
[0;35mmatched_cnt: 268435456	check_sum: 4503599895805952
[0;36mmemory_type: nvm	algo: phj_ind_uni_hro	workload: uniform_pkfk_A	buildpart_time: 1.251996691	probejoin_time: 0.248945428	total_time: 1.500942119
[0;32m
num_trials: 5	memory_type: nvm	algo: phj_ind_uni_hro	workload: uniform_pkfk_A	buildpart_time: 1.261807628	probejoin_time: 0.249064711	total_time: 1.510872339

[0m



CONFIGURATION:	WARMUP	USE_HYPERTHREADING	TUPLE_T_SIZE: 16	THREAD_NUM: 20	BUILDPART_THREAD_NUM: 38	BUILDPART_WRITE_THREAD_NUM: 11	INTERMEDIATEMEMSET_THREAD_NUM: 7	PROBEJOIN_THREAD_NUM: 38	RETRIEVE_THREAD_NUM: 19	XSOCKET_THREAD_NUM_DEFAULT: 4	PREFETCH_DISTANCE: 32	BUCKET_CAPACITY: 2	OVERFLOW_BUF_SIZE: 1024	NUM_RADIX_BITS: 16	NUM_RADIX_BITS_PASS1: 11	NUM_PASSES: 2	SWWCB_SIZE: 256	USE_SWWCB_OPTIMIZED_PART	USE_SWWCB_OPTIMIZED_RADIX_CLUSTER	INTERMEDIATE_SCALING_FACTOR: 2	PHJ_SC_BUCKET_CAPACITY: 2	PART_BUFFER_T_CAPACITY: 128
[0;35mmatched_cnt: 268435456	check_sum: 4503599895805952
[0;36mmemory_type: nvm	algo: phj_ind_uni_hro	workload: uniform_pkfk_A	buildpart_time: 1.268803825	probejoin_time: 0.248862571	total_time: 1.517666396
[0;35mmatched_cnt: 268435456	check_sum: 4503599895805952
[0;36mmemory_type: nvm	algo: phj_ind_uni_hro	workload: uniform_pkfk_A	buildpart_time: 1.261247725	probejoin_time: 0.248837728	total_time: 1.510085453
[0;35mmatched_cnt: 268435456	check_sum: 4503599895805952
[0;36mmemory_type: nvm	algo: phj_ind_uni_hro	workload: uniform_pkfk_A	buildpart_time: 1.267105739	probejoin_time: 0.248800974	total_time: 1.515906713
[0;35mmatched_cnt: 268435456	check_sum: 4503599895805952
[0;36mmemory_type: nvm	algo: phj_ind_uni_hro	workload: uniform_pkfk_A	buildpart_time: 1.271258619	probejoin_time: 0.249238576	total_time: 1.520497195
[0;35mmatched_cnt: 268435456	check_sum: 4503599895805952
[0;36mmemory_type: nvm	algo: phj_ind_uni_hro	workload: uniform_pkfk_A	buildpart_time: 1.281941243	probejoin_time: 0.250254032	total_time: 1.532195275
[0;35mmatched_cnt: 268435456	check_sum: 4503599895805952
[0;36mmemory_type: nvm	algo: phj_ind_uni_hro	workload: uniform_pkfk_A	buildpart_time: 1.286179150	probejoin_time: 0.250940796	total_time: 1.537119946
[0;32m
num_trials: 5	memory_type: nvm	algo: phj_ind_uni_hro	workload: uniform_pkfk_A	buildpart_time: 1.273546495	probejoin_time: 0.249614421	total_time: 1.523160916

[0m



CONFIGURATION:	WARMUP	USE_HYPERTHREADING	TUPLE_T_SIZE: 16	THREAD_NUM: 20	BUILDPART_THREAD_NUM: 40	BUILDPART_WRITE_THREAD_NUM: 11	INTERMEDIATEMEMSET_THREAD_NUM: 7	PROBEJOIN_THREAD_NUM: 40	RETRIEVE_THREAD_NUM: 19	XSOCKET_THREAD_NUM_DEFAULT: 4	PREFETCH_DISTANCE: 32	BUCKET_CAPACITY: 2	OVERFLOW_BUF_SIZE: 1024	NUM_RADIX_BITS: 16	NUM_RADIX_BITS_PASS1: 11	NUM_PASSES: 2	SWWCB_SIZE: 256	USE_SWWCB_OPTIMIZED_PART	USE_SWWCB_OPTIMIZED_RADIX_CLUSTER	INTERMEDIATE_SCALING_FACTOR: 2	PHJ_SC_BUCKET_CAPACITY: 2	PART_BUFFER_T_CAPACITY: 128
[0;35mmatched_cnt: 268435456	check_sum: 4503599895805952
[0;36mmemory_type: nvm	algo: phj_ind_uni_hro	workload: uniform_pkfk_A	buildpart_time: 1.285758782	probejoin_time: 0.250306343	total_time: 1.536065125
[0;35mmatched_cnt: 268435456	check_sum: 4503599895805952
[0;36mmemory_type: nvm	algo: phj_ind_uni_hro	workload: uniform_pkfk_A	buildpart_time: 1.287459545	probejoin_time: 0.249444851	total_time: 1.536904396
[0;35mmatched_cnt: 268435456	check_sum: 4503599895805952
[0;36mmemory_type: nvm	algo: phj_ind_uni_hro	workload: uniform_pkfk_A	buildpart_time: 1.295198586	probejoin_time: 0.252056601	total_time: 1.547255187
[0;35mmatched_cnt: 268435456	check_sum: 4503599895805952
[0;36mmemory_type: nvm	algo: phj_ind_uni_hro	workload: uniform_pkfk_A	buildpart_time: 1.300763101	probejoin_time: 0.250617404	total_time: 1.551380505
[0;35mmatched_cnt: 268435456	check_sum: 4503599895805952
[0;36mmemory_type: nvm	algo: phj_ind_uni_hro	workload: uniform_pkfk_A	buildpart_time: 1.292733137	probejoin_time: 0.249613208	total_time: 1.542346345
[0;35mmatched_cnt: 268435456	check_sum: 4503599895805952
[0;36mmemory_type: nvm	algo: phj_ind_uni_hro	workload: uniform_pkfk_A	buildpart_time: 1.286211165	probejoin_time: 0.249862282	total_time: 1.536073447
[0;32m
num_trials: 5	memory_type: nvm	algo: phj_ind_uni_hro	workload: uniform_pkfk_A	buildpart_time: 1.292473107	probejoin_time: 0.250318869	total_time: 1.542791976

[0m



