CONFIGURATION:	WARMUP	USE_HYPERTHREADING	TUPLE_T_SIZE: 16	THREAD_NUM: 20	BUILDPART_THREAD_NUM: 12	BUILDPART_WRITE_THREAD_NUM: 11	INTERMEDIATEMEMSET_THREAD_NUM: 7	PROBEJOIN_THREAD_NUM: 20	RETRIEVE_THREAD_NUM: 19	XSOCKET_THREAD_NUM_DEFAULT: 4	PREFETCH_DISTANCE: 32	BUCKET_CAPACITY: 2	OVERFLOW_BUF_SIZE: 1024	NUM_RADIX_BITS: 11	NUM_RADIX_BITS_PASS1: 11	NUM_PASSES: 1	SWWCB_SIZE: 256	USE_SWWCB_OPTIMIZED_PART	USE_SWWCB_OPTIMIZED_RADIX_CLUSTER	INTERMEDIATE_SCALING_FACTOR: 2	PHJ_SC_BUCKET_CAPACITY: 2	PART_BUFFER_T_CAPACITY: 128
[0;35mmatched_cnt: 268435456	check_sum: 4503599895805952
[0;36mmemory_type: nvm	algo: phj_ind_uni_bc	workload: uniform_pkfk_A	buildpart_time: 0.530622628	probejoin_time: 0.208909323	total_time: 0.739531951
[0;35mmatched_cnt: 268435456	check_sum: 4503599895805952
[0;36mmemory_type: nvm	algo: phj_ind_uni_bc	workload: uniform_pkfk_A	buildpart_time: 0.532938017	probejoin_time: 0.209389473	total_time: 0.742327490
[0;35mmatched_cnt: 268435456	check_sum: 4503599895805952
[0;36mmemory_type: nvm	algo: phj_ind_uni_bc	workload: uniform_pkfk_A	buildpart_time: 0.537285740	probejoin_time: 0.209544044	total_time: 0.746829784
[0;35mmatched_cnt: 268435456	check_sum: 4503599895805952
[0;36mmemory_type: nvm	algo: phj_ind_uni_bc	workload: uniform_pkfk_A	buildpart_time: 0.544953574	probejoin_time: 0.322214867	total_time: 0.867168441
[0;35mmatched_cnt: 268435456	check_sum: 4503599895805952
[0;36mmemory_type: nvm	algo: phj_ind_uni_bc	workload: uniform_pkfk_A	buildpart_time: 0.545608082	probejoin_time: 0.208614275	total_time: 0.754222357
[0;35mmatched_cnt: 268435456	check_sum: 4503599895805952
[0;36mmemory_type: nvm	algo: phj_ind_uni_bc	workload: uniform_pkfk_A	buildpart_time: 0.550016744	probejoin_time: 0.208916634	total_time: 0.758933378
[0;32m
num_trials: 5	memory_type: nvm	algo: phj_ind_uni_bc	workload: uniform_pkfk_A	buildpart_time: 0.542160431	probejoin_time: 0.231735859	total_time: 0.773896290

[0m



CONFIGURATION:	WARMUP	USE_HYPERTHREADING	TUPLE_T_SIZE: 16	THREAD_NUM: 20	BUILDPART_THREAD_NUM: 12	BUILDPART_WRITE_THREAD_NUM: 11	INTERMEDIATEMEMSET_THREAD_NUM: 7	PROBEJOIN_THREAD_NUM: 20	RETRIEVE_THREAD_NUM: 19	XSOCKET_THREAD_NUM_DEFAULT: 4	PREFETCH_DISTANCE: 32	BUCKET_CAPACITY: 2	OVERFLOW_BUF_SIZE: 1024	NUM_RADIX_BITS: 12	NUM_RADIX_BITS_PASS1: 11	NUM_PASSES: 1	SWWCB_SIZE: 256	USE_SWWCB_OPTIMIZED_PART	USE_SWWCB_OPTIMIZED_RADIX_CLUSTER	INTERMEDIATE_SCALING_FACTOR: 2	PHJ_SC_BUCKET_CAPACITY: 2	PART_BUFFER_T_CAPACITY: 128
[0;35mmatched_cnt: 268435456	check_sum: 18014398777917440
[0;36mmemory_type: nvm	algo: phj_ind_uni_bc	workload: uniform_pkfk_B	buildpart_time: 0.796780836	probejoin_time: 0.434611170	total_time: 1.231392006
[0;35mmatched_cnt: 268435456	check_sum: 18014398777917440
[0;36mmemory_type: nvm	algo: phj_ind_uni_bc	workload: uniform_pkfk_B	buildpart_time: 0.794171824	probejoin_time: 0.437034453	total_time: 1.231206277
[0;35mmatched_cnt: 268435456	check_sum: 18014398777917440
[0;36mmemory_type: nvm	algo: phj_ind_uni_bc	workload: uniform_pkfk_B	buildpart_time: 0.789134466	probejoin_time: 0.431511638	total_time: 1.220646104
[0;35mmatched_cnt: 268435456	check_sum: 18014398777917440
[0;36mmemory_type: nvm	algo: phj_ind_uni_bc	workload: uniform_pkfk_B	buildpart_time: 0.779867922	probejoin_time: 0.437686039	total_time: 1.217553961
[0;35mmatched_cnt: 268435456	check_sum: 18014398777917440
[0;36mmemory_type: nvm	algo: phj_ind_uni_bc	workload: uniform_pkfk_B	buildpart_time: 0.795573516	probejoin_time: 0.433072412	total_time: 1.228645928
[0;35mmatched_cnt: 268435456	check_sum: 18014398777917440
[0;36mmemory_type: nvm	algo: phj_ind_uni_bc	workload: uniform_pkfk_B	buildpart_time: 0.796960575	probejoin_time: 0.434292983	total_time: 1.231253558
[0;32m
num_trials: 5	memory_type: nvm	algo: phj_ind_uni_bc	workload: uniform_pkfk_B	buildpart_time: 0.791141661	probejoin_time: 0.434719505	total_time: 1.225861166

[0m



CONFIGURATION:	WARMUP	USE_HYPERTHREADING	TUPLE_T_SIZE: 16	THREAD_NUM: 20	BUILDPART_THREAD_NUM: 12	BUILDPART_WRITE_THREAD_NUM: 11	INTERMEDIATEMEMSET_THREAD_NUM: 7	PROBEJOIN_THREAD_NUM: 20	RETRIEVE_THREAD_NUM: 19	XSOCKET_THREAD_NUM_DEFAULT: 4	PREFETCH_DISTANCE: 32	BUCKET_CAPACITY: 2	OVERFLOW_BUF_SIZE: 1024	NUM_RADIX_BITS: 15	NUM_RADIX_BITS_PASS1: 11	NUM_PASSES: 2	SWWCB_SIZE: 256	USE_SWWCB_OPTIMIZED_PART	USE_SWWCB_OPTIMIZED_RADIX_CLUSTER	INTERMEDIATE_SCALING_FACTOR: 2	PHJ_SC_BUCKET_CAPACITY: 2	PART_BUFFER_T_CAPACITY: 128
[0;35mmatched_cnt: 268435456	check_sum: 72057594306363392
[0;36mmemory_type: nvm	algo: phj_ind_uni_bc	workload: uniform_pkfk_C	buildpart_time: 2.070582541	probejoin_time: 0.924446384	total_time: 2.995028925
[0;35mmatched_cnt: 268435456	check_sum: 72057594306363392
[0;36mmemory_type: nvm	algo: phj_ind_uni_bc	workload: uniform_pkfk_C	buildpart_time: 2.081004655	probejoin_time: 0.928609852	total_time: 3.009614507
[0;35mmatched_cnt: 268435456	check_sum: 72057594306363392
[0;36mmemory_type: nvm	algo: phj_ind_uni_bc	workload: uniform_pkfk_C	buildpart_time: 2.099819706	probejoin_time: 0.922824203	total_time: 3.022643909
[0;35mmatched_cnt: 268435456	check_sum: 72057594306363392
[0;36mmemory_type: nvm	algo: phj_ind_uni_bc	workload: uniform_pkfk_C	buildpart_time: 2.091194929	probejoin_time: 0.917296110	total_time: 3.008491039
[0;35mmatched_cnt: 268435456	check_sum: 72057594306363392
[0;36mmemory_type: nvm	algo: phj_ind_uni_bc	workload: uniform_pkfk_C	buildpart_time: 2.064605631	probejoin_time: 0.917871740	total_time: 2.982477371
[0;35mmatched_cnt: 268435456	check_sum: 72057594306363392
[0;36mmemory_type: nvm	algo: phj_ind_uni_bc	workload: uniform_pkfk_C	buildpart_time: 2.071079130	probejoin_time: 0.931197693	total_time: 3.002276823
[0;32m
num_trials: 5	memory_type: nvm	algo: phj_ind_uni_bc	workload: uniform_pkfk_C	buildpart_time: 2.081540810	probejoin_time: 0.923559920	total_time: 3.005100730

[0m



