CONFIGURATION:	WARMUP	USE_HYPERTHREADING	TUPLE_T_SIZE: 16	THREAD_NUM: 20	BUILDPART_THREAD_NUM: 20	BUILDPART_WRITE_THREAD_NUM: 11	INTERMEDIATEMEMSET_THREAD_NUM: 7	PROBEJOIN_THREAD_NUM: 20	RETRIEVE_THREAD_NUM: 19	XSOCKET_THREAD_NUM_DEFAULT: 4	RUN_BILLION	PREFETCH_DISTANCE: 32	BUCKET_CAPACITY: 2	OVERFLOW_BUF_SIZE: 1024	BW_REG	NUM_RADIX_BITS: 15	NUM_RADIX_BITS_PASS1: 13	NUM_PASSES: 2	SWWCB_SIZE: 256	USE_SWWCB_OPTIMIZED_PART	USE_SWWCB_OPTIMIZED_RADIX_CLUSTER	PHJ_MBP	INTERMEDIATE_SCALING_FACTOR: 2	PHJ_SC_BUCKET_CAPACITY: 2	PART_BUFFER_T_CAPACITY: 128
[0;35mmatched_cnt: 17179869184	check_sum: 17179869184
[PHJ_MBP] avg_memset_time: 0.089299647	avg_build_time: 2.310951911	avg_probe_time: 29.709176789
[0;36mmemory_type: nvm	algo: phj_asymm_radix_bw_reg_hro	workload: uniform_pkfk_A	buildpart_time: 65.067562069	probejoin_time: 32.131434932	total_time: 97.198997001
[0;35mmatched_cnt: 17179869184	check_sum: 17179869184
[PHJ_MBP] avg_memset_time: 0.089597357	avg_build_time: 2.305288877	avg_probe_time: 29.497894411
[0;36mmemory_type: nvm	algo: phj_asymm_radix_bw_reg_hro	workload: uniform_pkfk_A	buildpart_time: 64.643060786	probejoin_time: 31.914740605	total_time: 96.557801391
[0;35mmatched_cnt: 17179869184	check_sum: 17179869184
[PHJ_MBP] avg_memset_time: 0.088294359	avg_build_time: 2.306237191	avg_probe_time: 29.486519648
[0;36mmemory_type: nvm	algo: phj_asymm_radix_bw_reg_hro	workload: uniform_pkfk_A	buildpart_time: 64.463946139	probejoin_time: 31.902366225	total_time: 96.366312364
[0;35mmatched_cnt: 17179869184	check_sum: 17179869184
[PHJ_MBP] avg_memset_time: 0.089129957	avg_build_time: 2.297440405	avg_probe_time: 29.516184465
[0;36mmemory_type: nvm	algo: phj_asymm_radix_bw_reg_hro	workload: uniform_pkfk_A	buildpart_time: 64.569794006	probejoin_time: 31.922518447	total_time: 96.492312453
[0;35mmatched_cnt: 17179869184	check_sum: 17179869184
[PHJ_MBP] avg_memset_time: 0.091168766	avg_build_time: 2.299739601	avg_probe_time: 29.500424693
[0;36mmemory_type: nvm	algo: phj_asymm_radix_bw_reg_hro	workload: uniform_pkfk_A	buildpart_time: 64.527707241	probejoin_time: 31.913571593	total_time: 96.441278834
[0;35mmatched_cnt: 17179869184	check_sum: 17179869184
[PHJ_MBP] avg_memset_time: 0.088195938	avg_build_time: 2.301748362	avg_probe_time: 29.481205047
[0;36mmemory_type: nvm	algo: phj_asymm_radix_bw_reg_hro	workload: uniform_pkfk_A	buildpart_time: 64.610658784	probejoin_time: 31.893508977	total_time: 96.504167761
[0;32m
num_trials: 5	memory_type: nvm	algo: phj_asymm_radix_bw_reg_hro	workload: uniform_pkfk_A	buildpart_time: 64.563033391	probejoin_time: 31.909341169	total_time: 96.472374561

[0m



